<?xml version="1.0" encoding="UTF-8"?>
<!-- Generated by org.testng.reporters.JUnitReportReporter -->
<testsuite hostname="AMISHA123" failures="0" tests="1" name="PACKAGE.AUTO" time="7.041" errors="0" timestamp="3 Dec 2023 14:41:55 GMT">
  <testcase classname="PACKAGE.AUTO" name="dropdown" time="7.041"/>
</testsuite> <!-- PACKAGE.AUTO -->
